Removed Pin From Net: NetName=24_HV_Distri Pin=HV_D-O1
Removed Pin From Net: NetName=24_HV_Distri Pin=HV_D-O2
Removed Pin From Net: NetName=24_SDC Pin=SDC-O1
Removed Pin From Net: NetName=24_SDC Pin=SDC-O2
Removed Pin From Net: NetName=24_TSAC Pin=TSAC-O1
Removed Pin From Net: NetName=24_TSAC Pin=TSAC-O2
Removed Pin From Net: NetName=24_TSAL Pin=TSAL-O1
Removed Pin From Net: NetName=24_TSAL Pin=TSAL-O2
Added Pin To Net: NetName=24_SDC Pin=HV_D-O1
Added Pin To Net: NetName=24_SDC Pin=HV_D-O2
Added Pin To Net: NetName=24_TSAL Pin=SDC-O1
Added Pin To Net: NetName=24_TSAL Pin=SDC-O2
Added Pin To Net: NetName=24_HV_Distri Pin=TSAC-O1
Added Pin To Net: NetName=24_HV_Distri Pin=TSAC-O2
Added Pin To Net: NetName=24_TSAC Pin=TSAL-O1
Added Pin To Net: NetName=24_TSAC Pin=TSAL-O2
Change Net Name : Old Net Name=FRO_HV_Distri New Net Name=FRO_TSAC
Change Net Name : Old Net Name=FRO_SDC New Net Name=FRO_HV_Distri
Change Net Name : Old Net Name=FRO_TSAC New Net Name=FRO_TSAL
Change Net Name : Old Net Name=FRO_TSAL New Net Name=FRO_SDC
