Removed Pin From Net: NetName=SDCI_SDB_Left_5V Pin=U3-35
Removed Pin From Net: NetName=SDCI_SDB_Right_5V Pin=U3-36
Removed Pin From Net: NetName=SDCI_HV_Distri_5V Pin=U3-37
Removed Pin From Net: NetName=SDCI_TSAC_5V Pin=U3-38
Removed Pin From Net: NetName=SDCI_INV0_5V Pin=U3-39
Removed Pin From Net: NetName=SDCI_INV1_5V Pin=U3-40
Removed Pin From Net: NetName=SDCI_TSMS_5V Pin=U3-41
Added Pin To Net: NetName=SDCI_SDB_Left_5V Pin=U3-2
Added Pin To Net: NetName=SDCI_SDB_Right_5V Pin=U3-3
Added Pin To Net: NetName=SDCI_HV_Distri_5V Pin=U3-4
Added Pin To Net: NetName=SDCI_TSAC_5V Pin=U3-5
Added Pin To Net: NetName=SDCI_INV0_5V Pin=U3-7
Added Pin To Net: NetName=SDCI_INV1_5V Pin=U3-8
Added Pin To Net: NetName=SDCI_TSMS_5V Pin=U3-9
Added Member To Class: ClassName=Supply Member=Component GP Keystone 3557-2
Added Member To Class: ClassName=Supply Member=Component HV_D Keystone 3557-2
Added Member To Class: ClassName=Supply Member=Component INV1 Keystone 3557-2
Added Member To Class: ClassName=Supply Member=Component R2D Keystone 3557-2
Added Member To Class: ClassName=Supply Member=Component TSAL Keystone 3557-2
Added Member To Class: ClassName=Supply Member=Component WP Keystone 3557-2
