Removed Pin From Net: NetName=GND Pin=CMC 48 Pin-6
Removed Pin From Net: NetName=CAN_P Pin=CMC 48 Pin-7
Removed Pin From Net: NetName=CAN_N Pin=CMC 48 Pin-8
Removed Pin From Net: NetName=GND Pin=CMC 48 Pin-16
Removed Pin From Net: NetName=GND Pin=CMC 48 Pin-18
Removed Pin From Net: NetName=CAN_P Pin=CMC 48 Pin-19
Removed Pin From Net: NetName=CAN_N Pin=CMC 48 Pin-20
Removed Pin From Net: NetName=GND Pin=CMC 48 Pin-22
Removed Pin From Net: NetName=GND Pin=CMC 48 Pin-30
Removed Pin From Net: NetName=CAN_P Pin=CMC 48 Pin-31
Removed Pin From Net: NetName=CAN_N Pin=CMC 48 Pin-32
Removed Pin From Net: NetName=GND Pin=CMC 48 Pin-38
Removed Pin From Net: NetName=GND Pin=CMC 48 Pin-42
Removed Pin From Net: NetName=CAN_P Pin=CMC 48 Pin-43
Removed Pin From Net: NetName=CAN_N Pin=CMC 48 Pin-44
Removed Pin From Net: NetName=GND Pin=CMC 48 Pin-47
Removed Member From Class: ClassName=Connector Member=CMC 48 Pin
Added Component: Designator=5V(WL-SMCW_0603_H=0.7mm)
Add component (AddParameter): Name = "Chip Technology"; Value = "InGaN"; VariantName = "[No Variations]"
Add component (AddParameter): Name = "ComponentLink1Description"; Value = "Manufacturer"; VariantName = "[No Variations]"
Add component (AddParameter): Name = "ComponentLink1URL"; Value = "http://www.we-online.de"; VariantName = "[No Variations]"
Add component (AddParameter): Name = "ComponentLink2Description"; Value = "Datasheet"; VariantName = "[No Variations]"
Add component (AddParameter): Name = "ComponentLink2URL"; Value = "https://www.we-online.com/catalog/datasheet/150060GS75000.pdf"; VariantName = "[No Variations]"
Add component (AddParameter): Name = "Dominant Wavelength typ."; Value = "525nm"; VariantName = "[No Variations]"
Add component (AddParameter): Name = "Emitting Color"; Value = "Green"; VariantName = "[No Variations]"
Add component (AddParameter): Name = "Forward Voltage typ."; Value = "3.2V"; VariantName = "[No Variations]"
Add component (AddParameter): Name = "Luminous Intensity typ."; Value = "430mcd"; VariantName = "[No Variations]"
Add component (AddParameter): Name = "Mounting Technology"; Value = "SMT"; VariantName = "[No Variations]"
Add component (AddParameter): Name = "Operating Temperature"; Value = "-40 to +85degC"; VariantName = "[No Variations]"
Add component (AddParameter): Name = "Packaging"; Value = "Tape and Reel"; VariantName = "[No Variations]"
Add component (AddParameter): Name = "Part Number"; Value = "150060GS75000"; VariantName = "[No Variations]"
Add component (AddParameter): Name = "Peak Wavelength typ."; Value = "515nm"; VariantName = "[No Variations]"
Add component (AddParameter): Name = "Published Date"; Value = "December 2019"; VariantName = "[No Variations]"
Add component (AddParameter): Name = "Publisher"; Value = "Wurth Elektronik"; VariantName = "[No Variations]"
Add component (AddParameter): Name = "Size"; Value = "0603"; VariantName = "[No Variations]"
Add component (AddParameter): Name = "Viewing Angle"; Value = "140deg"; VariantName = "[No Variations]"
Added Component: Designator=Aim(Keystone 3557-2)
Add component (AddParameter): Name = "ComponentLink1Description"; Value = "Octopart"; VariantName = "[No Variations]"
Add component (AddParameter): Name = "ComponentLink1URL"; Value = "https://octopart.com/3557-2-keystone-850400?r=sp"; VariantName = "[No Variations]"
Added Component: Designator=BL(Keystone 3557-2)
Add component (AddParameter): Name = "ComponentLink1Description"; Value = "Octopart"; VariantName = "[No Variations]"
Add component (AddParameter): Name = "ComponentLink1URL"; Value = "https://octopart.com/3557-2-keystone-850400?r=sp"; VariantName = "[No Variations]"
Add Component: Footprint Not Found Keystone_1020_0
Add Component: Footprint Not Found Keystone_1020_0
Added Component: Designator=C1(CAP 0603/1608)
Add component (AddParameter): Name = "Value"; Value = "18p"; VariantName = "[No Variations]"
Add component (AddParameter): Name = "Voltage"; Value = "16"; VariantName = "[No Variations]"
Added Component: Designator=C2(CAP 0603/1608)
Add component (AddParameter): Name = "Value"; Value = "18p"; VariantName = "[No Variations]"
Add component (AddParameter): Name = "Voltage"; Value = "16"; VariantName = "[No Variations]"
Added Component: Designator=C3(CAP 0603/1608)
Add component (AddParameter): Name = "Value"; Value = "1u"; VariantName = "[No Variations]"
Add component (AddParameter): Name = "Voltage"; Value = "16"; VariantName = "[No Variations]"
Added Component: Designator=C4(CAP 0603/1608)
Add component (AddParameter): Name = "Value"; Value = "100n"; VariantName = "[No Variations]"
Add component (AddParameter): Name = "Voltage"; Value = "16"; VariantName = "[No Variations]"
Added Component: Designator=C5(CAP 0603/1608)
Add component (AddParameter): Name = "Value"; Value = "1u"; VariantName = "[No Variations]"
Add component (AddParameter): Name = "Voltage"; Value = "16"; VariantName = "[No Variations]"
Added Component: Designator=C6(CAP 0603/1608)
Add component (AddParameter): Name = "Value"; Value = "100n"; VariantName = "[No Variations]"
Add component (AddParameter): Name = "Voltage"; Value = "16"; VariantName = "[No Variations]"
Added Component: Designator=C7(CAP 0603/1608)
Add component (AddParameter): Name = "Value"; Value = "1u"; VariantName = "[No Variations]"
Add component (AddParameter): Name = "Voltage"; Value = "16"; VariantName = "[No Variations]"
Added Component: Designator=C8(CAP 0603/1608)
Add component (AddParameter): Name = "Value"; Value = "100n"; VariantName = "[No Variations]"
Add component (AddParameter): Name = "Voltage"; Value = "16"; VariantName = "[No Variations]"
Added Component: Designator=C9(CAP 0603/1608)
Add component (AddParameter): Name = "Value"; Value = "1u"; VariantName = "[No Variations]"
Add component (AddParameter): Name = "Voltage"; Value = "16"; VariantName = "[No Variations]"
Added Component: Designator=C10(CAP 0603/1608)
Add component (AddParameter): Name = "Value"; Value = "4u7"; VariantName = "[No Variations]"
Add component (AddParameter): Name = "Voltage"; Value = "16"; VariantName = "[No Variations]"
Added Component: Designator=C11(CAP 0603/1608)
Add component (AddParameter): Name = "Value"; Value = "100n"; VariantName = "[No Variations]"
Add component (AddParameter): Name = "Voltage"; Value = "16"; VariantName = "[No Variations]"
Added Component: Designator=C12(CAP 0603/1608)
Add component (AddParameter): Name = "Value"; Value = "100n"; VariantName = "[No Variations]"
Add component (AddParameter): Name = "Voltage"; Value = "16"; VariantName = "[No Variations]"
Added Component: Designator=C13(CAP 0603/1608)
Add component (AddParameter): Name = "Value"; Value = "100n"; VariantName = "[No Variations]"
Add component (AddParameter): Name = "Voltage"; Value = "16"; VariantName = "[No Variations]"
Added Component: Designator=C14(CAP 0603/1608)
Add component (AddParameter): Name = "Value"; Value = "2u2"; VariantName = "[No Variations]"
Add component (AddParameter): Name = "Voltage"; Value = "50"; VariantName = "[No Variations]"
Added Component: Designator=C15(CAP 0603/1608)
Add component (AddParameter): Name = "Value"; Value = "1u"; VariantName = "[No Variations]"
Add component (AddParameter): Name = "Voltage"; Value = "16"; VariantName = "[No Variations]"
Added Component: Designator=C16(CAP 0603/1608)
Add component (AddParameter): Name = "Value"; Value = "1u"; VariantName = "[No Variations]"
Add component (AddParameter): Name = "Voltage"; Value = "16"; VariantName = "[No Variations]"
Added Component: Designator=C17(CAP 0603/1608)
Add component (AddParameter): Name = "Value"; Value = "2u2"; VariantName = "[No Variations]"
Add component (AddParameter): Name = "Voltage"; Value = "50"; VariantName = "[No Variations]"
Added Component: Designator=C18(CAP 0603/1608)
Add component (AddParameter): Name = "Value"; Value = "1u"; VariantName = "[No Variations]"
Add component (AddParameter): Name = "Voltage"; Value = "16"; VariantName = "[No Variations]"
Added Component: Designator=C19(CAP 0603/1608)
Add component (AddParameter): Name = "Value"; Value = "100n"; VariantName = "[No Variations]"
Add component (AddParameter): Name = "Voltage"; Value = "16"; VariantName = "[No Variations]"
Added Component: Designator=C20(CAP 0603/1608)
Add component (AddParameter): Name = "Value"; Value = "22n"; VariantName = "[No Variations]"
Add component (AddParameter): Name = "Voltage"; Value = "16"; VariantName = "[No Variations]"
Added Component: Designator=C21(CAP 0603/1608)
Add component (AddParameter): Name = "Value"; Value = "100n"; VariantName = "[No Variations]"
Add component (AddParameter): Name = "Voltage"; Value = "16"; VariantName = "[No Variations]"
Added Component: Designator=D1(SOD-323-2)
Add component (AddParameter): Name = "ComponentLink1Description"; Value = "Octopart"; VariantName = "[No Variations]"
Add component (AddParameter): Name = "ComponentLink1URL"; Value = "https://octopart.com/mm3z4v7t1g-onsemi-331144?r=sp"; VariantName = "[No Variations]"
Added Component: Designator=D2(SOD-323-2)
Add component (AddParameter): Name = "ComponentLink1Description"; Value = "Octopart"; VariantName = "[No Variations]"
Add component (AddParameter): Name = "ComponentLink1URL"; Value = "https://octopart.com/mm3z4v7t1g-onsemi-331144?r=sp"; VariantName = "[No Variations]"
Added Component: Designator=D3(SOD-323-2)
Add component (AddParameter): Name = "ComponentLink1Description"; Value = "Octopart"; VariantName = "[No Variations]"
Add component (AddParameter): Name = "ComponentLink1URL"; Value = "https://octopart.com/mm3z4v7t1g-onsemi-331144?r=sp"; VariantName = "[No Variations]"
Added Component: Designator=D4(SOD-323-2)
Add component (AddParameter): Name = "ComponentLink1Description"; Value = "Octopart"; VariantName = "[No Variations]"
Add component (AddParameter): Name = "ComponentLink1URL"; Value = "https://octopart.com/mm3z4v7t1g-onsemi-331144?r=sp"; VariantName = "[No Variations]"
Added Component: Designator=D5(SOD-323-2)
Add component (AddParameter): Name = "ComponentLink1Description"; Value = "Octopart"; VariantName = "[No Variations]"
Add component (AddParameter): Name = "ComponentLink1URL"; Value = "https://octopart.com/mm3z4v7t1g-onsemi-331144?r=sp"; VariantName = "[No Variations]"
Added Component: Designator=D6(SOD-323-2)
Add component (AddParameter): Name = "ComponentLink1Description"; Value = "Octopart"; VariantName = "[No Variations]"
Add component (AddParameter): Name = "ComponentLink1URL"; Value = "https://octopart.com/mm3z4v7t1g-onsemi-331144?r=sp"; VariantName = "[No Variations]"
Added Component: Designator=D7(SOD-323-2)
Add component (AddParameter): Name = "ComponentLink1Description"; Value = "Octopart"; VariantName = "[No Variations]"
Add component (AddParameter): Name = "ComponentLink1URL"; Value = "https://octopart.com/mm3z4v7t1g-onsemi-331144?r=sp"; VariantName = "[No Variations]"
Added Component: Designator=D8(SOD-323-2)
Add component (AddParameter): Name = "ComponentLink1Description"; Value = "Octopart"; VariantName = "[No Variations]"
Add component (AddParameter): Name = "ComponentLink1URL"; Value = "https://octopart.com/mm3z4v7t1g-onsemi-331144?r=sp"; VariantName = "[No Variations]"
Added Component: Designator=D9(SOD-323-2)
Add component (AddParameter): Name = "ComponentLink1Description"; Value = "Octopart"; VariantName = "[No Variations]"
Add component (AddParameter): Name = "ComponentLink1URL"; Value = "https://octopart.com/mm3z4v7t1g-onsemi-331144?r=sp"; VariantName = "[No Variations]"
Added Component: Designator=D10(SOD-323-2)
Add component (AddParameter): Name = "ComponentLink1Description"; Value = "Octopart"; VariantName = "[No Variations]"
Add component (AddParameter): Name = "ComponentLink1URL"; Value = "https://octopart.com/mm3z4v7t1g-onsemi-331144?r=sp"; VariantName = "[No Variations]"
Added Component: Designator=D11(SOD-323-2)
Add component (AddParameter): Name = "ComponentLink1Description"; Value = "Octopart"; VariantName = "[No Variations]"
Add component (AddParameter): Name = "ComponentLink1URL"; Value = "https://octopart.com/mm3z4v7t1g-onsemi-331144?r=sp"; VariantName = "[No Variations]"
Added Component: Designator=D12(SOD-323-2)
Add component (AddParameter): Name = "ComponentLink1Description"; Value = "Octopart"; VariantName = "[No Variations]"
Add component (AddParameter): Name = "ComponentLink1URL"; Value = "https://octopart.com/mm3z4v7t1g-onsemi-331144?r=sp"; VariantName = "[No Variations]"
Added Component: Designator=D13(SOD-323-2)
Add component (AddParameter): Name = "ComponentLink1Description"; Value = "Octopart"; VariantName = "[No Variations]"
Add component (AddParameter): Name = "ComponentLink1URL"; Value = "https://octopart.com/mm3z4v7t1g-onsemi-331144?r=sp"; VariantName = "[No Variations]"
Added Component: Designator=D14(SOD-323-2)
Add component (AddParameter): Name = "ComponentLink1Description"; Value = "Octopart"; VariantName = "[No Variations]"
Add component (AddParameter): Name = "ComponentLink1URL"; Value = "https://octopart.com/mm3z4v7t1g-onsemi-331144?r=sp"; VariantName = "[No Variations]"
Added Component: Designator=D15(SOD-323-2)
Add component (AddParameter): Name = "ComponentLink1Description"; Value = "Octopart"; VariantName = "[No Variations]"
Add component (AddParameter): Name = "ComponentLink1URL"; Value = "https://octopart.com/cus521%2Ch3f-toshiba-26712463?r=sp"; VariantName = "[No Variations]"
Added Component: Designator=D16(SOD-323-2)
Add component (AddParameter): Name = "ComponentLink1Description"; Value = "Octopart"; VariantName = "[No Variations]"
Add component (AddParameter): Name = "ComponentLink1URL"; Value = "https://octopart.com/mm3z4v7t1g-onsemi-331144?r=sp"; VariantName = "[No Variations]"
Added Component: Designator=D40(SOD-323-2)
Add component (AddParameter): Name = "ComponentLink1Description"; Value = "Octopart"; VariantName = "[No Variations]"
Add component (AddParameter): Name = "ComponentLink1URL"; Value = "https://octopart.com/mm3z4v7t1g-onsemi-331144?r=sp"; VariantName = "[No Variations]"
Added Component: Designator=D41(SOD-323-2)
Add component (AddParameter): Name = "ComponentLink1Description"; Value = "Octopart"; VariantName = "[No Variations]"
Add component (AddParameter): Name = "ComponentLink1URL"; Value = "https://octopart.com/mm3z4v7t1g-onsemi-331144?r=sp"; VariantName = "[No Variations]"
Added Component: Designator=D42(SOD-323-2)
Add component (AddParameter): Name = "ComponentLink1Description"; Value = "Octopart"; VariantName = "[No Variations]"
Add component (AddParameter): Name = "ComponentLink1URL"; Value = "https://octopart.com/mm3z4v7t1g-onsemi-331144?r=sp"; VariantName = "[No Variations]"
Added Component: Designator=D43(SOD-323-2)
Add component (AddParameter): Name = "ComponentLink1Description"; Value = "Octopart"; VariantName = "[No Variations]"
Add component (AddParameter): Name = "ComponentLink1URL"; Value = "https://octopart.com/mm3z4v7t1g-onsemi-331144?r=sp"; VariantName = "[No Variations]"
Added Component: Designator=D44(SOD-323-2)
Add component (AddParameter): Name = "ComponentLink1Description"; Value = "Octopart"; VariantName = "[No Variations]"
Add component (AddParameter): Name = "ComponentLink1URL"; Value = "https://octopart.com/mm3z4v7t1g-onsemi-331144?r=sp"; VariantName = "[No Variations]"
Added Component: Designator=D45(SOD-323-2)
Add component (AddParameter): Name = "ComponentLink1Description"; Value = "Octopart"; VariantName = "[No Variations]"
Add component (AddParameter): Name = "ComponentLink1URL"; Value = "https://octopart.com/mm3z4v7t1g-onsemi-331144?r=sp"; VariantName = "[No Variations]"
Added Component: Designator=D46(SOD-323-2)
Add component (AddParameter): Name = "ComponentLink1Description"; Value = "Octopart"; VariantName = "[No Variations]"
Add component (AddParameter): Name = "ComponentLink1URL"; Value = "https://octopart.com/mm3z4v7t1g-onsemi-331144?r=sp"; VariantName = "[No Variations]"
Added Component: Designator=Fault(WL-SMCW_0603_H=0.7mm)
Add component (AddParameter): Name = "Chip Technology"; Value = "AlInGaP"; VariantName = "[No Variations]"
Add component (AddParameter): Name = "ComponentLink1Description"; Value = "Manufacturer"; VariantName = "[No Variations]"
Add component (AddParameter): Name = "ComponentLink1URL"; Value = "http://www.we-online.de"; VariantName = "[No Variations]"
Add component (AddParameter): Name = "ComponentLink2Description"; Value = "Datasheet"; VariantName = "[No Variations]"
Add component (AddParameter): Name = "ComponentLink2URL"; Value = "https://www.we-online.com/catalog/datasheet/150060RS75000.pdf"; VariantName = "[No Variations]"
Add component (AddParameter): Name = "Dominant Wavelength typ."; Value = "625nm"; VariantName = "[No Variations]"
Add component (AddParameter): Name = "Emitting Color"; Value = "Red"; VariantName = "[No Variations]"
Add component (AddParameter): Name = "Forward Voltage typ."; Value = "2V"; VariantName = "[No Variations]"
Add component (AddParameter): Name = "Luminous Intensity typ."; Value = "250mcd"; VariantName = "[No Variations]"
Add component (AddParameter): Name = "Mounting Technology"; Value = "SMT"; VariantName = "[No Variations]"
Add component (AddParameter): Name = "Operating Temperature"; Value = "-40 to +85degC"; VariantName = "[No Variations]"
Add component (AddParameter): Name = "Packaging"; Value = "Tape and Reel"; VariantName = "[No Variations]"
Add component (AddParameter): Name = "Part Number"; Value = "150060RS75000"; VariantName = "[No Variations]"
Add component (AddParameter): Name = "Peak Wavelength typ."; Value = "630nm"; VariantName = "[No Variations]"
Add component (AddParameter): Name = "Published Date"; Value = "December 2019"; VariantName = "[No Variations]"
Add component (AddParameter): Name = "Publisher"; Value = "Wurth Elektronik"; VariantName = "[No Variations]"
Add component (AddParameter): Name = "Size"; Value = "0603"; VariantName = "[No Variations]"
Add component (AddParameter): Name = "Viewing Angle"; Value = "140deg"; VariantName = "[No Variations]"
Added Component: Designator=FB(Keystone 3557-2)
Add component (AddParameter): Name = "ComponentLink1Description"; Value = "Octopart"; VariantName = "[No Variations]"
Add component (AddParameter): Name = "ComponentLink1URL"; Value = "https://octopart.com/3557-2-keystone-850400?r=sp"; VariantName = "[No Variations]"
Added Component: Designator=FPU(Keystone 3557-2)
Add component (AddParameter): Name = "ComponentLink1Description"; Value = "Octopart"; VariantName = "[No Variations]"
Add component (AddParameter): Name = "ComponentLink1URL"; Value = "https://octopart.com/3557-2-keystone-850400?r=sp"; VariantName = "[No Variations]"
Added Component: Designator=FTSA(Keystone 3557-2)
Add component (AddParameter): Name = "ComponentLink1Description"; Value = "Octopart"; VariantName = "[No Variations]"
Add component (AddParameter): Name = "ComponentLink1URL"; Value = "https://octopart.com/3557-2-keystone-850400?r=sp"; VariantName = "[No Variations]"
Added Component: Designator=GP(Keystone 3557-2)
Add component (AddParameter): Name = "ComponentLink1Description"; Value = "Octopart"; VariantName = "[No Variations]"
Add component (AddParameter): Name = "ComponentLink1URL"; Value = "https://octopart.com/3557-2-keystone-850400?r=sp"; VariantName = "[No Variations]"
Added Component: Designator=Heart(WL-SMCW_0603_H=0.7mm)
Add component (AddParameter): Name = "Chip Technology"; Value = "InGaN"; VariantName = "[No Variations]"
Add component (AddParameter): Name = "ComponentLink1Description"; Value = "Manufacturer"; VariantName = "[No Variations]"
Add component (AddParameter): Name = "ComponentLink1URL"; Value = "http://www.we-online.de"; VariantName = "[No Variations]"
Add component (AddParameter): Name = "ComponentLink2Description"; Value = "Datasheet"; VariantName = "[No Variations]"
Add component (AddParameter): Name = "ComponentLink2URL"; Value = "https://www.we-online.com/catalog/datasheet/150060BS75000.pdf"; VariantName = "[No Variations]"
Add component (AddParameter): Name = "Dominant Wavelength typ."; Value = "470nm"; VariantName = "[No Variations]"
Add component (AddParameter): Name = "Emitting Color"; Value = "Blue"; VariantName = "[No Variations]"
Add component (AddParameter): Name = "Forward Voltage typ."; Value = "3.2V"; VariantName = "[No Variations]"
Add component (AddParameter): Name = "Luminous Intensity typ."; Value = "145mcd"; VariantName = "[No Variations]"
Add component (AddParameter): Name = "Mounting Technology"; Value = "SMT"; VariantName = "[No Variations]"
Add component (AddParameter): Name = "Operating Temperature"; Value = "-40 to +85degC"; VariantName = "[No Variations]"
Add component (AddParameter): Name = "Packaging"; Value = "Tape and Reel"; VariantName = "[No Variations]"
Add component (AddParameter): Name = "Part Number"; Value = "150060BS75000"; VariantName = "[No Variations]"
Add component (AddParameter): Name = "Peak Wavelength typ."; Value = "465nm"; VariantName = "[No Variations]"
Add component (AddParameter): Name = "Published Date"; Value = "December 2019"; VariantName = "[No Variations]"
Add component (AddParameter): Name = "Publisher"; Value = "Wurth Elektronik"; VariantName = "[No Variations]"
Add component (AddParameter): Name = "Size"; Value = "0603"; VariantName = "[No Variations]"
Add component (AddParameter): Name = "Viewing Angle"; Value = "140deg"; VariantName = "[No Variations]"
Added Component: Designator=HV_D(Keystone 3557-2)
Add component (AddParameter): Name = "ComponentLink1Description"; Value = "Octopart"; VariantName = "[No Variations]"
Add component (AddParameter): Name = "ComponentLink1URL"; Value = "https://octopart.com/3557-2-keystone-850400?r=sp"; VariantName = "[No Variations]"
Added Component: Designator=INV0(Keystone 3557-2)
Add component (AddParameter): Name = "ComponentLink1Description"; Value = "Octopart"; VariantName = "[No Variations]"
Add component (AddParameter): Name = "ComponentLink1URL"; Value = "https://octopart.com/3557-2-keystone-850400?r=sp"; VariantName = "[No Variations]"
Added Component: Designator=INV1(Keystone 3557-2)
Add component (AddParameter): Name = "ComponentLink1Description"; Value = "Octopart"; VariantName = "[No Variations]"
Add component (AddParameter): Name = "ComponentLink1URL"; Value = "https://octopart.com/3557-2-keystone-850400?r=sp"; VariantName = "[No Variations]"
Added Component: Designator=J1(5007621001)
Add component (AddParameter): Name = "ComponentLink1Description"; Value = "Molex"; VariantName = "[No Variations]"
Add component (AddParameter): Name = "ComponentLink1URL"; Value = "https://www.molex.com/en-us/products/part-detail/5007621001"; VariantName = "[No Variations]"
Added Component: Designator=J2(Generic_Hole_0.5mm2)
Added Component: Designator=JP1(SMD-JUMPER-3)
Added Component: Designator=JP2(SMD-JUMPER-3)
Added Component: Designator=JTAG(61201021721)
Add component (AddParameter): Name = "ComponentLink1 Description"; Value = "Manufacturer"; VariantName = "[No Variations]"
Add component (AddParameter): Name = "ComponentLink1URL"; Value = "http://www.we-online.com"; VariantName = "[No Variations]"
Add component (AddParameter): Name = "ComponentLink2 Description"; Value = "Datasheet"; VariantName = "[No Variations]"
Add component (AddParameter): Name = "ComponentLink2URL"; Value = "http://katalog.we-online.de/em/datasheet/6120xx21721.pdf"; VariantName = "[No Variations]"
Add component (AddParameter): Name = "Created by"; Value = "Baojun Chen"; VariantName = "[No Variations]"
Add component (AddParameter): Name = "Created Date"; Value = "March 2016"; VariantName = "[No Variations]"
Add component (AddParameter): Name = "Manufacturer"; Value = "Wurth Elektronik"; VariantName = "[No Variations]"
Add component (AddParameter): Name = "NoPins"; Value = "10"; VariantName = "[No Variations]"
Add component (AddParameter): Name = "partNo"; Value = "61201021721"; VariantName = "[No Variations]"
Added Component: Designator=L1(STACKPOLE CSR0603)
Add component (AddParameter): Name = "Value"; Value = "100n"; VariantName = "[No Variations]"
Added Component: Designator=NiMH(Keystone 3557-2)
Add component (AddParameter): Name = "ComponentLink1Description"; Value = "Octopart"; VariantName = "[No Variations]"
Add component (AddParameter): Name = "ComponentLink1URL"; Value = "https://octopart.com/3557-2-keystone-850400?r=sp"; VariantName = "[No Variations]"
Added Component: Designator=OP1(Finder 34.81 Series)
Add component (AddParameter): Name = "ComponentLink1Description"; Value = "Finder"; VariantName = "[No Variations]"
Add component (AddParameter): Name = "ComponentLink1URL"; Value = "https://www.findernet.com/de/deutschland/series/serie-34-schmales-steck-printrelais-emr-oder-ssr-01-2-6a/"; VariantName = "[No Variations]"
Added Component: Designator=OP2(Finder 34.81 Series)
Add component (AddParameter): Name = "ComponentLink1Description"; Value = "Finder"; VariantName = "[No Variations]"
Add component (AddParameter): Name = "ComponentLink1URL"; Value = "https://www.findernet.com/de/deutschland/series/serie-34-schmales-steck-printrelais-emr-oder-ssr-01-2-6a/"; VariantName = "[No Variations]"
Added Component: Designator=Q1(ZXMN6A25GTA)
Add component (AddParameter): Name = "ComponentLink1Description"; Value = "Octopart"; VariantName = "[No Variations]"
Add component (AddParameter): Name = "ComponentLink1URL"; Value = "https://octopart.com/zxmn6a25gta-diodes+inc.-7519510?r=sp"; VariantName = "[No Variations]"
Added Component: Designator=R1(STACKPOLE CSR0603)
Add component (AddParameter): Name = "Power"; Value = "0.1W"; VariantName = "[No Variations]"
Add component (AddParameter): Name = "Value"; Value = "10k"; VariantName = "[No Variations]"
Added Component: Designator=R2D(Keystone 3557-2)
Add component (AddParameter): Name = "ComponentLink1Description"; Value = "Octopart"; VariantName = "[No Variations]"
Add component (AddParameter): Name = "ComponentLink1URL"; Value = "https://octopart.com/3557-2-keystone-850400?r=sp"; VariantName = "[No Variations]"
Added Component: Designator=R2(STACKPOLE CSR0603)
Add component (AddParameter): Name = "Power"; Value = "0.1W"; VariantName = "[No Variations]"
Add component (AddParameter): Name = "Value"; Value = "10k"; VariantName = "[No Variations]"
Added Component: Designator=R3(STACKPOLE CSR0603)
Add component (AddParameter): Name = "Power"; Value = "0.1W"; VariantName = "[No Variations]"
Add component (AddParameter): Name = "Value"; Value = "10k"; VariantName = "[No Variations]"
Added Component: Designator=R4(STACKPOLE CSR0603)
Add component (AddParameter): Name = "Power"; Value = "0.1W"; VariantName = "[No Variations]"
Add component (AddParameter): Name = "Value"; Value = "10k"; VariantName = "[No Variations]"
Added Component: Designator=R5(STACKPOLE CSR0603)
Add component (AddParameter): Name = "Power"; Value = "0.1W"; VariantName = "[No Variations]"
Add component (AddParameter): Name = "Value"; Value = "10k"; VariantName = "[No Variations]"
Added Component: Designator=R6(STACKPOLE CSR0603)
Add component (AddParameter): Name = "Power"; Value = "0.1W"; VariantName = "[No Variations]"
Add component (AddParameter): Name = "Value"; Value = "10k"; VariantName = "[No Variations]"
Added Component: Designator=R7(STACKPOLE CSR0603)
Add component (AddParameter): Name = "Power"; Value = "0.1W"; VariantName = "[No Variations]"
Add component (AddParameter): Name = "Value"; Value = "10k"; VariantName = "[No Variations]"
Added Component: Designator=R8(STACKPOLE CSR0603)
Add component (AddParameter): Name = "Power"; Value = "0.1W"; VariantName = "[No Variations]"
Add component (AddParameter): Name = "Value"; Value = "10k"; VariantName = "[No Variations]"
Added Component: Designator=R9(STACKPOLE CSR0603)
Add component (AddParameter): Name = "Power"; Value = "0.1W"; VariantName = "[No Variations]"
Add component (AddParameter): Name = "Value"; Value = "10k"; VariantName = "[No Variations]"
Added Component: Designator=R10(STACKPOLE CSR0603)
Add component (AddParameter): Name = "Power"; Value = "0.1W"; VariantName = "[No Variations]"
Add component (AddParameter): Name = "Value"; Value = "10k"; VariantName = "[No Variations]"
Added Component: Designator=R11(STACKPOLE CSR0603)
Add component (AddParameter): Name = "Power"; Value = "0.1W"; VariantName = "[No Variations]"
Add component (AddParameter): Name = "Value"; Value = "10k"; VariantName = "[No Variations]"
Added Component: Designator=R12(STACKPOLE CSR0603)
Add component (AddParameter): Name = "Power"; Value = "0.1W"; VariantName = "[No Variations]"
Add component (AddParameter): Name = "Value"; Value = "10k"; VariantName = "[No Variations]"
Added Component: Designator=R13(STACKPOLE CSR0603)
Add component (AddParameter): Name = "Power"; Value = "0.1W"; VariantName = "[No Variations]"
Add component (AddParameter): Name = "Value"; Value = "10k"; VariantName = "[No Variations]"
Added Component: Designator=R14(STACKPOLE CSR0603)
Add component (AddParameter): Name = "Power"; Value = "0.1W"; VariantName = "[No Variations]"
Add component (AddParameter): Name = "Value"; Value = "10k"; VariantName = "[No Variations]"
Added Component: Designator=R15(STACKPOLE CSR0603)
Add component (AddParameter): Name = "Power"; Value = "0.1W"; VariantName = "[No Variations]"
Add component (AddParameter): Name = "Value"; Value = "1k"; VariantName = "[No Variations]"
Added Component: Designator=R16(STACKPOLE CSR0603)
Add component (AddParameter): Name = "Power"; Value = "0.1W"; VariantName = "[No Variations]"
Add component (AddParameter): Name = "Value"; Value = "1k"; VariantName = "[No Variations]"
Added Component: Designator=R17(STACKPOLE CSR0603)
Add component (AddParameter): Name = "Power"; Value = "0.1W"; VariantName = "[No Variations]"
Add component (AddParameter): Name = "Value"; Value = "1k"; VariantName = "[No Variations]"
Added Component: Designator=R18(STACKPOLE CSR0603)
Add component (AddParameter): Name = "Power"; Value = "0.1W"; VariantName = "[No Variations]"
Add component (AddParameter): Name = "Value"; Value = "10k"; VariantName = "[No Variations]"
Added Component: Designator=R19(STACKPOLE CSR0603)
Add component (AddParameter): Name = "Power"; Value = "0.1W"; VariantName = "[No Variations]"
Add component (AddParameter): Name = "Value"; Value = "1k"; VariantName = "[No Variations]"
Added Component: Designator=R20(STACKPOLE CSR0603)
Add component (AddParameter): Name = "Power"; Value = "0.1W"; VariantName = "[No Variations]"
Add component (AddParameter): Name = "Value"; Value = "100"; VariantName = "[No Variations]"
Added Component: Designator=R21(STACKPOLE CSR0603)
Add component (AddParameter): Name = "Power"; Value = "0.1W"; VariantName = "[No Variations]"
Add component (AddParameter): Name = "Value"; Value = "10k"; VariantName = "[No Variations]"
Added Component: Designator=R22(STACKPOLE CSR0603)
Add component (AddParameter): Name = "Power"; Value = "0.1W"; VariantName = "[No Variations]"
Add component (AddParameter): Name = "Value"; Value = "10k"; VariantName = "[No Variations]"
Added Component: Designator=R23(STACKPOLE CSR0603)
Add component (AddParameter): Name = "Power"; Value = "0.1W"; VariantName = "[No Variations]"
Add component (AddParameter): Name = "Value"; Value = "10k"; VariantName = "[No Variations]"
Added Component: Designator=R24(STACKPOLE CSR0603)
Add component (AddParameter): Name = "Power"; Value = "0.1W"; VariantName = "[No Variations]"
Add component (AddParameter): Name = "Value"; Value = "2k5"; VariantName = "[No Variations]"
Added Component: Designator=R25(STACKPOLE CSR0603)
Add component (AddParameter): Name = "Power"; Value = "0.1W"; VariantName = "[No Variations]"
Add component (AddParameter): Name = "Value"; Value = "1k"; VariantName = "[No Variations]"
Added Component: Designator=R27(STACKPOLE CSR0603)
Add component (AddParameter): Name = "Power"; Value = "0.1W"; VariantName = "[No Variations]"
Add component (AddParameter): Name = "Value"; Value = "OPT"; VariantName = "[No Variations]"
Added Component: Designator=R30(STACKPOLE CSR0603)
Add component (AddParameter): Name = "Power"; Value = "0.1W"; VariantName = "[No Variations]"
Add component (AddParameter): Name = "Value"; Value = "60"; VariantName = "[No Variations]"
Added Component: Designator=R31(STACKPOLE CSR0603)
Add component (AddParameter): Name = "Power"; Value = "0.1W"; VariantName = "[No Variations]"
Add component (AddParameter): Name = "Value"; Value = "60"; VariantName = "[No Variations]"
Added Component: Designator=R32(STACKPOLE CSR0603)
Add component (AddParameter): Name = "Power"; Value = "0.1W"; VariantName = "[No Variations]"
Add component (AddParameter): Name = "Value"; Value = "300"; VariantName = "[No Variations]"
Added Component: Designator=R33(STACKPOLE CSR0603)
Add component (AddParameter): Name = "Power"; Value = "0.1W"; VariantName = "[No Variations]"
Add component (AddParameter): Name = "Value"; Value = "10k"; VariantName = "[No Variations]"
Added Component: Designator=R40(STACKPOLE CSR0603)
Add component (AddParameter): Name = "Power"; Value = "0.1W"; VariantName = "[No Variations]"
Add component (AddParameter): Name = "Value"; Value = "10k"; VariantName = "[No Variations]"
Added Component: Designator=R41(STACKPOLE CSR0603)
Add component (AddParameter): Name = "Power"; Value = "0.1W"; VariantName = "[No Variations]"
Add component (AddParameter): Name = "Value"; Value = "10k"; VariantName = "[No Variations]"
Added Component: Designator=R42(STACKPOLE CSR0603)
Add component (AddParameter): Name = "Power"; Value = "0.1W"; VariantName = "[No Variations]"
Add component (AddParameter): Name = "Value"; Value = "10k"; VariantName = "[No Variations]"
Added Component: Designator=R43(STACKPOLE CSR0603)
Add component (AddParameter): Name = "Power"; Value = "0.1W"; VariantName = "[No Variations]"
Add component (AddParameter): Name = "Value"; Value = "10k"; VariantName = "[No Variations]"
Added Component: Designator=R44(STACKPOLE CSR0603)
Add component (AddParameter): Name = "Power"; Value = "0.1W"; VariantName = "[No Variations]"
Add component (AddParameter): Name = "Value"; Value = "10k"; VariantName = "[No Variations]"
Added Component: Designator=R45(STACKPOLE CSR0603)
Add component (AddParameter): Name = "Power"; Value = "0.1W"; VariantName = "[No Variations]"
Add component (AddParameter): Name = "Value"; Value = "10k"; VariantName = "[No Variations]"
Added Component: Designator=R46(STACKPOLE CSR0603)
Add component (AddParameter): Name = "Power"; Value = "0.1W"; VariantName = "[No Variations]"
Add component (AddParameter): Name = "Value"; Value = "10k"; VariantName = "[No Variations]"
Added Component: Designator=SDC(Keystone 3557-2)
Add component (AddParameter): Name = "ComponentLink1Description"; Value = "Octopart"; VariantName = "[No Variations]"
Add component (AddParameter): Name = "ComponentLink1URL"; Value = "https://octopart.com/3557-2-keystone-850400?r=sp"; VariantName = "[No Variations]"
Added Component: Designator=SERV(Keystone 3557-2)
Add component (AddParameter): Name = "ComponentLink1Description"; Value = "Octopart"; VariantName = "[No Variations]"
Add component (AddParameter): Name = "ComponentLink1URL"; Value = "https://octopart.com/3557-2-keystone-850400?r=sp"; VariantName = "[No Variations]"
Added Component: Designator=TSAC(Keystone 3557-2)
Add component (AddParameter): Name = "ComponentLink1Description"; Value = "Octopart"; VariantName = "[No Variations]"
Add component (AddParameter): Name = "ComponentLink1URL"; Value = "https://octopart.com/3557-2-keystone-850400?r=sp"; VariantName = "[No Variations]"
Added Component: Designator=TSAL(Keystone 3557-2)
Add component (AddParameter): Name = "ComponentLink1Description"; Value = "Octopart"; VariantName = "[No Variations]"
Add component (AddParameter): Name = "ComponentLink1URL"; Value = "https://octopart.com/3557-2-keystone-850400?r=sp"; VariantName = "[No Variations]"
Added Component: Designator=U1(SIP3_RECOM)
Added Component: Designator=U2(SIP3_RECOM)
Added Component: Designator=U3(*QFP80P1600X1600X120-64N)
Add component (AddParameter): Name = "Availability"; Value = "Unavailable"; VariantName = "[No Variations]"
Add component (AddParameter): Name = "MF"; Value = "Microchip"; VariantName = "[No Variations]"
Add component (AddParameter): Name = "MP"; Value = "AT90CAN128-16AI"; VariantName = "[No Variations]"
Add component (AddParameter): Name = "Package"; Value = "TQFP-64 Microchip"; VariantName = "[No Variations]"
Add component (AddParameter): Name = "Price"; Value = "None"; VariantName = "[No Variations]"
Add component (AddParameter): Name = "SnapEDA_Link"; Value = "https://www.snapeda.com/parts/AT90CAN128-16AI/Microchip/view-part/?ref=snap"; VariantName = "[No Variations]"
Add component (AddParameter): Name = "Value"; Value = ""; VariantName = "[No Variations]"
Added Component: Designator=U4(*SOIC127P600X175-8N)
Add component (AddParameter): Name = "Availability"; Value = "Unavailable"; VariantName = "[No Variations]"
Add component (AddParameter): Name = "MF"; Value = "Microchip"; VariantName = "[No Variations]"
Add component (AddParameter): Name = "MP"; Value = "MCP2551-I/SN"; VariantName = "[No Variations]"
Add component (AddParameter): Name = "Package"; Value = "SOIC-8 Microchip"; VariantName = "[No Variations]"
Add component (AddParameter): Name = "Price"; Value = "None"; VariantName = "[No Variations]"
Add component (AddParameter): Name = "SnapEDA_Link"; Value = "https://www.snapeda.com/parts/MCP2551-I/SN/Microchip/view-part/?ref=snap"; VariantName = "[No Variations]"
Add component (AddParameter): Name = "Value"; Value = ""; VariantName = "[No Variations]"
Added Component: Designator=U5(*SOT95P237X112-3N)
Add component (AddParameter): Name = "Availability"; Value = "Unavailable"; VariantName = "[No Variations]"
Add component (AddParameter): Name = "MF"; Value = "Microchip"; VariantName = "[No Variations]"
Add component (AddParameter): Name = "MP"; Value = "MCP120T-450I/TT"; VariantName = "[No Variations]"
Add component (AddParameter): Name = "Package"; Value = "SOT-23-3 Microchip"; VariantName = "[No Variations]"
Add component (AddParameter): Name = "Price"; Value = "None"; VariantName = "[No Variations]"
Add component (AddParameter): Name = "SnapEDA_Link"; Value = "https://www.snapeda.com/parts/MCP120T-450I/TT/Microchip/view-part/?ref=snap"; VariantName = "[No Variations]"
Add component (AddParameter): Name = "Value"; Value = ""; VariantName = "[No Variations]"
Added Component: Designator=U6(NE555PWR)
Add component (AddParameter): Name = "Value"; Value = "NE555PWR"; VariantName = "[No Variations]"
Added Component: Designator=U7(74HCT4067PW)
Added Component: Designator=U8(ZXGD3009E6TA)
Add component (AddParameter): Name = "ComponentLink1Description"; Value = "Octopart"; VariantName = "[No Variations]"
Add component (AddParameter): Name = "ComponentLink1URL"; Value = "https://octopart.com/zxgd3009e6ta-diodes+inc.-49477954?r=sp"; VariantName = "[No Variations]"
Added Component: Designator=WP(Keystone 3557-2)
Add component (AddParameter): Name = "ComponentLink1Description"; Value = "Octopart"; VariantName = "[No Variations]"
Add component (AddParameter): Name = "ComponentLink1URL"; Value = "https://octopart.com/3557-2-keystone-850400?r=sp"; VariantName = "[No Variations]"
Added Component: Designator=Y1(NDK NX5032GA)
Added Pin To Net: NetName=GND Pin=5V-1
Added Pin To Net: NetName=Net5V_2 Pin=5V-2
Added Pin To Net: NetName=12V Pin=Aim-I1
Added Pin To Net: NetName=12V Pin=Aim-I2
Add Pin To Net: Unknown Pin: Pin BT1-1
Add Pin To Net: Unknown Pin: Pin BT1-2
Add Pin To Net: Unknown Pin: Pin BT2-1
Add Pin To Net: Unknown Pin: Pin BT2-2
Added Pin To Net: NetName=GND Pin=C1-1
Added Pin To Net: NetName=NetC1_2 Pin=C1-2
Added Pin To Net: NetName=GND Pin=C2-1
Added Pin To Net: NetName=NetC2_2 Pin=C2-2
Added Pin To Net: NetName=GND Pin=C3-1
Added Pin To Net: NetName=5V Pin=C3-2
Added Pin To Net: NetName=GND Pin=C4-1
Added Pin To Net: NetName=5V Pin=C4-2
Added Pin To Net: NetName=GND Pin=C5-1
Added Pin To Net: NetName=5V Pin=C5-2
Added Pin To Net: NetName=GND Pin=C6-1
Added Pin To Net: NetName=5V Pin=C6-2
Added Pin To Net: NetName=5V Pin=C7-1
Added Pin To Net: NetName=GND Pin=C7-2
Added Pin To Net: NetName=5V Pin=C8-1
Added Pin To Net: NetName=GND Pin=C8-2
Added Pin To Net: NetName=NetC9_1 Pin=C9-1
Added Pin To Net: NetName=GND Pin=C9-2
Added Pin To Net: NetName=NetC10_1 Pin=C10-1
Added Pin To Net: NetName=GND Pin=C10-2
Added Pin To Net: NetName=GND Pin=C11-1
Added Pin To Net: NetName=5V Pin=C11-2
Added Pin To Net: NetName=GND Pin=C12-1
Added Pin To Net: NetName=5V Pin=C12-2
Added Pin To Net: NetName=GND Pin=C13-1
Added Pin To Net: NetName=5V Pin=C13-2
Added Pin To Net: NetName=GND Pin=C14-1
Added Pin To Net: NetName=GND Pin=C15-1
Added Pin To Net: NetName=5V Pin=C15-2
Added Pin To Net: NetName=5V Pin=C16-1
Added Pin To Net: NetName=GND Pin=C16-2
Added Pin To Net: NetName=GND Pin=C17-1
Added Pin To Net: NetName=GND Pin=C18-1
Added Pin To Net: NetName=12V Pin=C18-2
Added Pin To Net: NetName=GND Pin=C19-1
Added Pin To Net: NetName=5V Pin=C19-2
Added Pin To Net: NetName=GND Pin=C20-1
Added Pin To Net: NetName=GND Pin=C21-1
Added Pin To Net: NetName=5V Pin=C21-2
Added Pin To Net: NetName=GND Pin=D1-2A
Added Pin To Net: NetName=GND Pin=D2-2A
Added Pin To Net: NetName=GND Pin=D3-2A
Added Pin To Net: NetName=FRO_HV_Distri Pin=D4-1C
Added Pin To Net: NetName=GND Pin=D4-2A
Added Pin To Net: NetName=FRO_TSAC Pin=D5-1C
Added Pin To Net: NetName=GND Pin=D5-2A
Added Pin To Net: NetName=FRO_TSAL Pin=D6-1C
Added Pin To Net: NetName=GND Pin=D6-2A
Added Pin To Net: NetName=GND Pin=D7-2A
Added Pin To Net: NetName=GND Pin=D8-2A
Added Pin To Net: NetName=GND Pin=D9-2A
Added Pin To Net: NetName=FRO_INV0 Pin=D10-1C
Added Pin To Net: NetName=GND Pin=D10-2A
Added Pin To Net: NetName=FRO_INV1 Pin=D11-1C
Added Pin To Net: NetName=GND Pin=D11-2A
Added Pin To Net: NetName=GND Pin=D12-2A
Added Pin To Net: NetName=GND Pin=D13-2A
Added Pin To Net: NetName=GND Pin=D14-2A
Added Pin To Net: NetName=NetBT2_2 Pin=D15-2A
Added Pin To Net: NetName=Board_Voltage Pin=D16-1C
Added Pin To Net: NetName=GND Pin=D16-2A
Added Pin To Net: NetName=GND Pin=D40-2A
Added Pin To Net: NetName=GND Pin=D41-2A
Added Pin To Net: NetName=GND Pin=D42-2A
Added Pin To Net: NetName=GND Pin=D43-2A
Added Pin To Net: NetName=GND Pin=D44-2A
Added Pin To Net: NetName=GND Pin=D45-2A
Added Pin To Net: NetName=GND Pin=D46-2A
Added Pin To Net: NetName=GND Pin=Fault-1
Added Pin To Net: NetName=NetFault_2 Pin=Fault-2
Added Pin To Net: NetName=GND Pin=Heart-1
Added Pin To Net: NetName=NetHeart_2 Pin=Heart-2
Added Pin To Net: NetName=GND Pin=J1-1
Added Pin To Net: NetName=CAN_P Pin=J1-2
Added Pin To Net: NetName=CAN_N Pin=J1-3
Added Pin To Net: NetName=GND Pin=J1-13
Added Pin To Net: NetName=CAN_P Pin=J1-14
Added Pin To Net: NetName=CAN_N Pin=J1-15
Added Pin To Net: NetName=GND Pin=J1-25
Added Pin To Net: NetName=CAN_P Pin=J1-26
Added Pin To Net: NetName=CAN_N Pin=J1-27
Added Pin To Net: NetName=GND Pin=J1-37
Added Pin To Net: NetName=GND Pin=J1-38
Added Pin To Net: NetName=GND Pin=J1-39
Added Pin To Net: NetName=GND Pin=J1-40
Added Pin To Net: NetName=GND Pin=JP1-1
Added Pin To Net: NetName=JTAG_TCK Pin=JTAG-1
Added Pin To Net: NetName=GND Pin=JTAG-2
Added Pin To Net: NetName=JTAG_TDO Pin=JTAG-3
Added Pin To Net: NetName=5V Pin=JTAG-4
Added Pin To Net: NetName=JTAG_TMS Pin=JTAG-5
Added Pin To Net: NetName=Reset_uC Pin=JTAG-6
Added Pin To Net: NetName=5V Pin=JTAG-7
Added Pin To Net: NetName=JTAG_TDI Pin=JTAG-9
Added Pin To Net: NetName=GND Pin=JTAG-10
Added Pin To Net: NetName=5V Pin=L1-1
Added Pin To Net: NetName=5V Pin=L1-2
Added Pin To Net: NetName=GND Pin=OP1-2
Added Pin To Net: NetName=GND Pin=OP2-2
Added Pin To Net: NetName=GND Pin=Q1-3
Added Pin To Net: NetName=FRO_HV_Distri Pin=R4-1
Added Pin To Net: NetName=FRO_TSAC Pin=R5-1
Added Pin To Net: NetName=FRO_TSAL Pin=R6-1
Added Pin To Net: NetName=FRO_INV0 Pin=R10-1
Added Pin To Net: NetName=FRO_INV1 Pin=R11-1
Added Pin To Net: NetName=NetFault_2 Pin=R15-2
Added Pin To Net: NetName=NetHeart_2 Pin=R16-2
Added Pin To Net: NetName=Net5V_2 Pin=R17-1
Added Pin To Net: NetName=5V Pin=R17-2
Added Pin To Net: NetName=NetR18_1 Pin=R18-1
Added Pin To Net: NetName=5V Pin=R19-2
Added Pin To Net: NetName=NetC9_1 Pin=R20-1
Added Pin To Net: NetName=5V Pin=R20-2
Added Pin To Net: NetName=GND Pin=R22-1
Added Pin To Net: NetName=Board_Voltage Pin=R23-1
Added Pin To Net: NetName=GND Pin=R24-1
Added Pin To Net: NetName=Board_Voltage Pin=R24-2
Added Pin To Net: NetName=CAN_N Pin=R30-1
Added Pin To Net: NetName=NetC10_1 Pin=R30-2
Added Pin To Net: NetName=NetC10_1 Pin=R31-1
Added Pin To Net: NetName=CAN_P Pin=R31-2
Added Pin To Net: NetName=NetR32_1 Pin=R32-1
Added Pin To Net: NetName=NetC10_1 Pin=R32-2
Added Pin To Net: NetName=GND Pin=R33-1
Added Pin To Net: NetName=GND Pin=U1-2
Added Pin To Net: NetName=12V Pin=U1-3
Added Pin To Net: NetName=GND Pin=U2-2
Added Pin To Net: NetName=5V Pin=U2-3
Added Pin To Net: NetName=Reset_uC Pin=U3-20
Added Pin To Net: NetName=5V Pin=U3-21
Added Pin To Net: NetName=GND Pin=U3-22
Added Pin To Net: NetName=NetC1_2 Pin=U3-23
Added Pin To Net: NetName=NetC2_2 Pin=U3-24
Added Pin To Net: NetName=XCAN_P Pin=U3-30
Added Pin To Net: NetName=XCAN_N Pin=U3-31
Added Pin To Net: NetName=5V Pin=U3-52
Added Pin To Net: NetName=GND Pin=U3-53
Added Pin To Net: NetName=JTAG_TDI Pin=U3-54
Added Pin To Net: NetName=JTAG_TDO Pin=U3-55
Added Pin To Net: NetName=JTAG_TMS Pin=U3-56
Added Pin To Net: NetName=JTAG_TCK Pin=U3-57
Added Pin To Net: NetName=Board_Voltage Pin=U3-60
Added Pin To Net: NetName=NetR18_1 Pin=U3-61
Added Pin To Net: NetName=NetC9_1 Pin=U3-62
Added Pin To Net: NetName=GND Pin=U3-63
Added Pin To Net: NetName=5V Pin=U3-64
Added Pin To Net: NetName=XCAN_P Pin=U4-1
Added Pin To Net: NetName=GND Pin=U4-2
Added Pin To Net: NetName=5V Pin=U4-3
Added Pin To Net: NetName=XCAN_N Pin=U4-4
Added Pin To Net: NetName=NetR32_1 Pin=U4-5
Added Pin To Net: NetName=CAN_N Pin=U4-6
Added Pin To Net: NetName=CAN_P Pin=U4-7
Added Pin To Net: NetName=Reset_uC Pin=U5-1
Added Pin To Net: NetName=5V Pin=U5-2
Added Pin To Net: NetName=GND Pin=U5-3
Added Pin To Net: NetName=GND Pin=U6-1
Added Pin To Net: NetName=5V Pin=U6-8
Added Pin To Net: NetName=FRO_TSAL Pin=U7-4
Added Pin To Net: NetName=FRO_TSAC Pin=U7-5
Added Pin To Net: NetName=FRO_HV_Distri Pin=U7-6
Added Pin To Net: NetName=GND Pin=U7-12
Added Pin To Net: NetName=GND Pin=U7-15
Added Pin To Net: NetName=FRO_INV1 Pin=U7-21
Added Pin To Net: NetName=FRO_INV0 Pin=U7-22
Added Pin To Net: NetName=5V Pin=U7-24
Added Pin To Net: NetName=5V Pin=U8-1
Added Pin To Net: NetName=GND Pin=U8-3
Added Pin To Net: NetName=NetC2_2 Pin=Y1-1
Added Pin To Net: NetName=NetC1_2 Pin=Y1-2
Added Pin To Net: NetName=2_NiMH Pin=J1-45
Added Pin To Net: NetName=2_NiMH Pin=NiMH-O1
Added Pin To Net: NetName=2_NiMH Pin=NiMH-O2
Added Pin To Net: NetName=2_NiMH Pin=R18-2
Added Net: Name=2_NiMH
Added Pin To Net: NetName=12_Aim Pin=Aim-O1
Added Pin To Net: NetName=12_Aim Pin=Aim-O2
Added Pin To Net: NetName=12_Aim Pin=J1-33
Added Pin To Net: NetName=12_Aim Pin=R14-2
Added Net: Name=12_Aim
Added Pin To Net: NetName=24_BL Pin=BL-O1
Added Pin To Net: NetName=24_BL Pin=BL-O2
Added Pin To Net: NetName=24_BL Pin=J1-21
Added Pin To Net: NetName=24_BL Pin=R13-2
Added Net: Name=24_BL
Added Pin To Net: NetName=24_FAN_PU Pin=FPU-O1
Added Pin To Net: NetName=24_FAN_PU Pin=FPU-O2
Added Pin To Net: NetName=24_FAN_PU Pin=J1-11
Added Pin To Net: NetName=24_FAN_PU Pin=J1-12
Added Pin To Net: NetName=24_FAN_PU Pin=R1-2
Added Net: Name=24_FAN_PU
Added Pin To Net: NetName=24_FAN_TSAC_fused Pin=FTSA-O1
Added Pin To Net: NetName=24_FAN_TSAC_fused Pin=FTSA-O2
Added Pin To Net: NetName=24_FAN_TSAC_fused Pin=OP1-3
Added Pin To Net: NetName=24_FAN_TSAC_fused Pin=OP2-3
Added Pin To Net: NetName=24_FAN_TSAC_fused Pin=R2-2
Added Net: Name=24_FAN_TSAC_fused
Added Pin To Net: NetName=24_FAN_TSAC Pin=J1-23
Added Pin To Net: NetName=24_FAN_TSAC Pin=OP1-4
Added Pin To Net: NetName=24_FAN_TSAC Pin=OP2-4
Added Net: Name=24_FAN_TSAC
Added Pin To Net: NetName=24_GP Pin=GP-O1
Added Pin To Net: NetName=24_GP Pin=GP-O2
Added Pin To Net: NetName=24_GP Pin=J1-4
Added Pin To Net: NetName=24_GP Pin=J1-16
Added Pin To Net: NetName=24_GP Pin=J1-28
Added Pin To Net: NetName=24_GP Pin=R12-2
Added Net: Name=24_GP
Added Pin To Net: NetName=24_HV_Distri Pin=HV_D-O1
Added Pin To Net: NetName=24_HV_Distri Pin=HV_D-O2
Added Pin To Net: NetName=24_HV_Distri Pin=J1-46
Added Pin To Net: NetName=24_HV_Distri Pin=R4-2
Added Net: Name=24_HV_Distri
Added Pin To Net: NetName=24_INV0 Pin=INV0-O1
Added Pin To Net: NetName=24_INV0 Pin=INV0-O2
Added Pin To Net: NetName=24_INV0 Pin=J1-5
Added Pin To Net: NetName=24_INV0 Pin=R10-2
Added Net: Name=24_INV0
Added Pin To Net: NetName=24_INV1 Pin=INV1-O1
Added Pin To Net: NetName=24_INV1 Pin=INV1-O2
Added Pin To Net: NetName=24_INV1 Pin=J1-17
Added Pin To Net: NetName=24_INV1 Pin=R11-2
Added Net: Name=24_INV1
Added Pin To Net: NetName=24_R2D Pin=J1-7
Added Pin To Net: NetName=24_R2D Pin=R2D-O1
Added Pin To Net: NetName=24_R2D Pin=R2D-O2
Added Pin To Net: NetName=24_R2D Pin=R9-2
Added Net: Name=24_R2D
Added Pin To Net: NetName=24_SDC Pin=J1-10
Added Pin To Net: NetName=24_SDC Pin=R3-2
Added Pin To Net: NetName=24_SDC Pin=SDC-O1
Added Pin To Net: NetName=24_SDC Pin=SDC-O2
Added Net: Name=24_SDC
Added Pin To Net: NetName=24_SERVO Pin=J1-9
Added Pin To Net: NetName=24_SERVO Pin=R7-2
Added Pin To Net: NetName=24_SERVO Pin=SERV-O1
Added Pin To Net: NetName=24_SERVO Pin=SERV-O2
Added Net: Name=24_SERVO
Added Pin To Net: NetName=24_TSAC Pin=J1-34
Added Pin To Net: NetName=24_TSAC Pin=R5-2
Added Pin To Net: NetName=24_TSAC Pin=TSAC-O1
Added Pin To Net: NetName=24_TSAC Pin=TSAC-O2
Added Net: Name=24_TSAC
Added Pin To Net: NetName=24_TSAL Pin=J1-22
Added Pin To Net: NetName=24_TSAL Pin=R6-2
Added Pin To Net: NetName=24_TSAL Pin=TSAL-O1
Added Pin To Net: NetName=24_TSAL Pin=TSAL-O2
Added Net: Name=24_TSAL
Added Pin To Net: NetName=24_WP Pin=J1-8
Added Pin To Net: NetName=24_WP Pin=R8-2
Added Pin To Net: NetName=24_WP Pin=WP-O1
Added Pin To Net: NetName=24_WP Pin=WP-O2
Added Net: Name=24_WP
Added Pin To Net: NetName=24V_input Pin=J1-24
Added Pin To Net: NetName=24V_input Pin=J1-35
Added Pin To Net: NetName=24V_input Pin=J1-36
Added Pin To Net: NetName=24V_input Pin=J1-47
Added Pin To Net: NetName=24V_input Pin=J1-48
Added Net: Name=24V_input
Added Pin To Net: NetName=24V Pin=C14-2
Added Pin To Net: NetName=24V Pin=C17-2
Added Pin To Net: NetName=24V Pin=FB-O1
Added Pin To Net: NetName=24V Pin=FB-O2
Added Pin To Net: NetName=24V Pin=R23-2
Added Pin To Net: NetName=24V Pin=U1-1
Added Pin To Net: NetName=24V Pin=U2-1
Added Net: Name=24V
Added Pin To Net: NetName=Fault Pin=R15-1
Added Pin To Net: NetName=Fault Pin=U3-11
Added Net: Name=Fault
Added Pin To Net: NetName=FRO_Aim Pin=D14-1C
Added Pin To Net: NetName=FRO_Aim Pin=R14-1
Added Pin To Net: NetName=FRO_Aim Pin=U7-18
Added Net: Name=FRO_Aim
Added Pin To Net: NetName=FRO_BL Pin=D13-1C
Added Pin To Net: NetName=FRO_BL Pin=R13-1
Added Pin To Net: NetName=FRO_BL Pin=U7-19
Added Net: Name=FRO_BL
Added Pin To Net: NetName=FRO_FAN_PU Pin=D1-1C
Added Pin To Net: NetName=FRO_FAN_PU Pin=R1-1
Added Pin To Net: NetName=FRO_FAN_PU Pin=U7-9
Added Net: Name=FRO_FAN_PU
Added Pin To Net: NetName=FRO_FAN_TSAC Pin=D2-1C
Added Pin To Net: NetName=FRO_FAN_TSAC Pin=R2-1
Added Pin To Net: NetName=FRO_FAN_TSAC Pin=U7-8
Added Net: Name=FRO_FAN_TSAC
Added Pin To Net: NetName=FRO_GP Pin=D12-1C
Added Pin To Net: NetName=FRO_GP Pin=R12-1
Added Pin To Net: NetName=FRO_GP Pin=U7-20
Added Net: Name=FRO_GP
Added Pin To Net: NetName=FRO_out Pin=U3-47
Added Pin To Net: NetName=FRO_out Pin=U7-1
Added Net: Name=FRO_out
Added Pin To Net: NetName=FRO_R2D Pin=D9-1C
Added Pin To Net: NetName=FRO_R2D Pin=R9-1
Added Pin To Net: NetName=FRO_R2D Pin=U7-23
Added Net: Name=FRO_R2D
Added Pin To Net: NetName=FRO_SDC Pin=D3-1C
Added Pin To Net: NetName=FRO_SDC Pin=R3-1
Added Pin To Net: NetName=FRO_SDC Pin=U7-7
Added Net: Name=FRO_SDC
Added Pin To Net: NetName=FRO_SERVO Pin=D7-1C
Added Pin To Net: NetName=FRO_SERVO Pin=R7-1
Added Pin To Net: NetName=FRO_SERVO Pin=U7-3
Added Net: Name=FRO_SERVO
Added Pin To Net: NetName=FRO_WP Pin=D8-1C
Added Pin To Net: NetName=FRO_WP Pin=R8-1
Added Pin To Net: NetName=FRO_WP Pin=U7-2
Added Net: Name=FRO_WP
Added Pin To Net: NetName=Heart Pin=R16-1
Added Pin To Net: NetName=Heart Pin=U3-12
Added Net: Name=Heart
Added Pin To Net: NetName=NE555_out Pin=JP2-3
Added Pin To Net: NetName=NE555_out Pin=R27-2
Added Net: Name=NE555_out
Added Pin To Net: NetName=NetBL_I1 Pin=BL-I1
Added Pin To Net: NetName=NetBL_I1 Pin=BL-I2
Added Pin To Net: NetName=NetBL_I1 Pin=FB-I1
Added Pin To Net: NetName=NetBL_I1 Pin=FB-I2
Added Pin To Net: NetName=NetBL_I1 Pin=FPU-I1
Added Pin To Net: NetName=NetBL_I1 Pin=FPU-I2
Added Pin To Net: NetName=NetBL_I1 Pin=FTSA-I1
Added Pin To Net: NetName=NetBL_I1 Pin=FTSA-I2
Added Pin To Net: NetName=NetBL_I1 Pin=GP-I1
Added Pin To Net: NetName=NetBL_I1 Pin=GP-I2
Added Pin To Net: NetName=NetBL_I1 Pin=HV_D-I1
Added Pin To Net: NetName=NetBL_I1 Pin=HV_D-I2
Added Pin To Net: NetName=NetBL_I1 Pin=INV0-I1
Added Pin To Net: NetName=NetBL_I1 Pin=INV0-I2
Added Pin To Net: NetName=NetBL_I1 Pin=INV1-I1
Added Pin To Net: NetName=NetBL_I1 Pin=INV1-I2
Added Pin To Net: NetName=NetBL_I1 Pin=R2D-I1
Added Pin To Net: NetName=NetBL_I1 Pin=R2D-I2
Added Pin To Net: NetName=NetBL_I1 Pin=SDC-I1
Added Pin To Net: NetName=NetBL_I1 Pin=SDC-I2
Added Pin To Net: NetName=NetBL_I1 Pin=SERV-I1
Added Pin To Net: NetName=NetBL_I1 Pin=SERV-I2
Added Pin To Net: NetName=NetBL_I1 Pin=TSAC-I1
Added Pin To Net: NetName=NetBL_I1 Pin=TSAC-I2
Added Pin To Net: NetName=NetBL_I1 Pin=TSAL-I1
Added Pin To Net: NetName=NetBL_I1 Pin=TSAL-I2
Added Pin To Net: NetName=NetBL_I1 Pin=WP-I1
Added Pin To Net: NetName=NetBL_I1 Pin=WP-I2
Added Net: Name=NetBL_I1
Added Pin To Net: NetName=NetC20_2 Pin=C20-2
Added Pin To Net: NetName=NetC20_2 Pin=R21-1
Added Pin To Net: NetName=NetC20_2 Pin=U6-2
Added Pin To Net: NetName=NetC20_2 Pin=U6-6
Added Net: Name=NetC20_2
Added Pin To Net: NetName=NetD15_1C Pin=D15-1C
Added Pin To Net: NetName=NetD15_1C Pin=NiMH-I1
Added Pin To Net: NetName=NetD15_1C Pin=NiMH-I2
Added Net: Name=NetD15_1C
Added Pin To Net: NetName=NetJ1_6 Pin=J1-6
Added Pin To Net: NetName=NetJ1_6 Pin=J2-H
Added Pin To Net: NetName=NetJ1_6 Pin=Q1-1
Added Pin To Net: NetName=NetJ1_6 Pin=Q1-1
Added Net: Name=NetJ1_6
Added Pin To Net: NetName=NetJ1_41 Pin=J1-41
Added Pin To Net: NetName=NetJ1_41 Pin=JP2-2
Added Pin To Net: NetName=NetJ1_41 Pin=U8-2
Added Net: Name=NetJ1_41
Added Pin To Net: NetName=NetJ1_42 Pin=J1-42
Added Pin To Net: NetName=NetJ1_42 Pin=U3-16
Added Net: Name=NetJ1_42
Added Pin To Net: NetName=NetJ1_43 Pin=J1-43
Added Pin To Net: NetName=NetJ1_43 Pin=U3-14
Added Net: Name=NetJ1_43
Added Pin To Net: NetName=NetJ1_44 Pin=J1-44
Added Pin To Net: NetName=NetJ1_44 Pin=U3-6
Added Net: Name=NetJ1_44
Added Pin To Net: NetName=NetJP1_2 Pin=JP1-2
Added Pin To Net: NetName=NetJP1_2 Pin=U4-8
Added Net: Name=NetJP1_2
Added Pin To Net: NetName=NetJP1_3 Pin=JP1-3
Added Pin To Net: NetName=NetJP1_3 Pin=R33-2
Added Net: Name=NetJP1_3
Added Pin To Net: NetName=NetJP2_1 Pin=JP2-1
Added Pin To Net: NetName=NetJP2_1 Pin=R22-2
Added Pin To Net: NetName=NetJP2_1 Pin=U3-29
Added Pin To Net: NetName=NetJP2_1 Pin=U6-4
Added Net: Name=NetJP2_1
Added Pin To Net: NetName=NetOP1_1 Pin=OP1-1
Added Pin To Net: NetName=NetOP1_1 Pin=OP2-1
Added Pin To Net: NetName=NetOP1_1 Pin=U3-10
Added Net: Name=NetOP1_1
Added Pin To Net: NetName=NetQ1_2 Pin=Q1-2
Added Pin To Net: NetName=NetQ1_2 Pin=R25-1
Added Net: Name=NetQ1_2
Added Pin To Net: NetName=NetR19_1 Pin=R19-1
Added Pin To Net: NetName=NetR19_1 Pin=R21-2
Added Pin To Net: NetName=NetR19_1 Pin=U6-7
Added Net: Name=NetR19_1
Added Pin To Net: NetName=NetR25_2 Pin=R25-2
Added Pin To Net: NetName=NetR25_2 Pin=U8-4
Added Pin To Net: NetName=NetR25_2 Pin=U8-6
Added Net: Name=NetR25_2
Added Pin To Net: NetName=NetR27_1 Pin=R27-1
Added Pin To Net: NetName=NetR27_1 Pin=U6-3
Added Net: Name=NetR27_1
Added Pin To Net: NetName=NetU3_48 Pin=U3-48
Added Pin To Net: NetName=NetU3_48 Pin=U7-13
Added Net: Name=NetU3_48
Added Pin To Net: NetName=NetU3_49 Pin=U3-49
Added Pin To Net: NetName=NetU3_49 Pin=U7-14
Added Net: Name=NetU3_49
Added Pin To Net: NetName=NetU3_50 Pin=U3-50
Added Pin To Net: NetName=NetU3_50 Pin=U7-11
Added Net: Name=NetU3_50
Added Pin To Net: NetName=NetU3_51 Pin=U3-51
Added Pin To Net: NetName=NetU3_51 Pin=U7-10
Added Net: Name=NetU3_51
Added Pin To Net: NetName=SDCI_HV_Distri_5V Pin=D46-1C
Added Pin To Net: NetName=SDCI_HV_Distri_5V Pin=R46-1
Added Pin To Net: NetName=SDCI_HV_Distri_5V Pin=U3-37
Added Net: Name=SDCI_HV_Distri_5V
Added Pin To Net: NetName=SDCI_HV_Distri_24V Pin=J1-19
Added Pin To Net: NetName=SDCI_HV_Distri_24V Pin=R46-2
Added Net: Name=SDCI_HV_Distri_24V
Added Pin To Net: NetName=SDCI_INV0_5V Pin=D43-1C
Added Pin To Net: NetName=SDCI_INV0_5V Pin=R43-1
Added Pin To Net: NetName=SDCI_INV0_5V Pin=U3-39
Added Net: Name=SDCI_INV0_5V
Added Pin To Net: NetName=SDCI_INV0_24V Pin=J1-20
Added Pin To Net: NetName=SDCI_INV0_24V Pin=R43-2
Added Net: Name=SDCI_INV0_24V
Added Pin To Net: NetName=SDCI_INV1_5V Pin=D44-1C
Added Pin To Net: NetName=SDCI_INV1_5V Pin=R44-1
Added Pin To Net: NetName=SDCI_INV1_5V Pin=U3-40
Added Net: Name=SDCI_INV1_5V
Added Pin To Net: NetName=SDCI_INV1_24V Pin=J1-32
Added Pin To Net: NetName=SDCI_INV1_24V Pin=R44-2
Added Net: Name=SDCI_INV1_24V
Added Pin To Net: NetName=SDCI_SDB_Left_5V Pin=D40-1C
Added Pin To Net: NetName=SDCI_SDB_Left_5V Pin=R40-1
Added Pin To Net: NetName=SDCI_SDB_Left_5V Pin=U3-35
Added Net: Name=SDCI_SDB_Left_5V
Added Pin To Net: NetName=SDCI_SDB_Left_24V Pin=J1-18
Added Pin To Net: NetName=SDCI_SDB_Left_24V Pin=R40-2
Added Net: Name=SDCI_SDB_Left_24V
Added Pin To Net: NetName=SDCI_SDB_Right_5V Pin=D41-1C
Added Pin To Net: NetName=SDCI_SDB_Right_5V Pin=R41-1
Added Pin To Net: NetName=SDCI_SDB_Right_5V Pin=U3-36
Added Net: Name=SDCI_SDB_Right_5V
Added Pin To Net: NetName=SDCI_SDB_Right_24V Pin=J1-30
Added Pin To Net: NetName=SDCI_SDB_Right_24V Pin=R41-2
Added Net: Name=SDCI_SDB_Right_24V
Added Pin To Net: NetName=SDCI_TSAC_5V Pin=D42-1C
Added Pin To Net: NetName=SDCI_TSAC_5V Pin=R42-1
Added Pin To Net: NetName=SDCI_TSAC_5V Pin=U3-38
Added Net: Name=SDCI_TSAC_5V
Added Pin To Net: NetName=SDCI_TSAC_24V Pin=J1-31
Added Pin To Net: NetName=SDCI_TSAC_24V Pin=R42-2
Added Net: Name=SDCI_TSAC_24V
Added Pin To Net: NetName=SDCI_TSMS_5V Pin=D45-1C
Added Pin To Net: NetName=SDCI_TSMS_5V Pin=R45-1
Added Pin To Net: NetName=SDCI_TSMS_5V Pin=U3-41
Added Net: Name=SDCI_TSMS_5V
Added Pin To Net: NetName=SDCI_TSMS_24V Pin=J1-29
Added Pin To Net: NetName=SDCI_TSMS_24V Pin=R45-2
Added Net: Name=SDCI_TSMS_24V
Added Class: Name=R2D
Added Class: Name=SDC
Added Class: Name=Supply
Added Class: Name=CAN
Added Member To Class: ClassName=Controller Member=Component C1 SMD Capacitor
Added Member To Class: ClassName=Controller Member=Component C2 SMD Capacitor
Added Member To Class: ClassName=Controller Member=Component C3 SMD Capacitor
Added Member To Class: ClassName=Controller Member=Component C4 SMD Capacitor
Added Member To Class: ClassName=Controller Member=Component C5 SMD Capacitor
Added Member To Class: ClassName=Controller Member=Component C6 SMD Capacitor
Added Member To Class: ClassName=Controller Member=Component C7 SMD Capacitor
Added Member To Class: ClassName=Controller Member=Component C8 SMD Capacitor
Added Member To Class: ClassName=Controller Member=Component C9 SMD Capacitor
Added Member To Class: ClassName=Controller Member=Component C10 SMD Capacitor
Added Member To Class: ClassName=Controller Member=Component C11 SMD Capacitor
Added Member To Class: ClassName=Controller Member=Component C12 SMD Capacitor
Added Member To Class: ClassName=Controller Member=Component C13 SMD Capacitor
Added Member To Class: ClassName=Controller Member=Component C16 SMD Capacitor
Added Member To Class: ClassName=Controller Member=Component C21 SMD Capacitor
Added Member To Class: ClassName=Controller Member=Component D16 MM3Z4V7T1G
Added Member To Class: ClassName=Controller Member=Component Fault Red, 2V
Added Member To Class: ClassName=Controller Member=Component Heart Blue, 3.2V
Added Member To Class: ClassName=Connector Member=Component J1 5007621001
Added Member To Class: ClassName=Controller Member=Component JP1 JUMPERID
Added Member To Class: ClassName=Controller Member=Component JTAG 61201021721
Added Member To Class: ClassName=Controller Member=Component L1 SMD Inductor
Added Member To Class: ClassName=Controller Member=Component R15 SMD Resistor
Added Member To Class: ClassName=Controller Member=Component R16 SMD Resistor
Added Member To Class: ClassName=Controller Member=Component R18 SMD Resistor
Added Member To Class: ClassName=Controller Member=Component R20 SMD Resistor
Added Member To Class: ClassName=Controller Member=Component R23 SMD Resistor
Added Member To Class: ClassName=Controller Member=Component R24 SMD Resistor
Added Member To Class: ClassName=Controller Member=Component R30 SMD Resistor
Added Member To Class: ClassName=Controller Member=Component R31 SMD Resistor
Added Member To Class: ClassName=Controller Member=Component R32 SMD Resistor
Added Member To Class: ClassName=Controller Member=Component R33 SMD Resistor
Added Member To Class: ClassName=Controller Member=Component U3 AT90CAN128
Added Member To Class: ClassName=Controller Member=Component U4 MCP2551-I/SN
Added Member To Class: ClassName=Controller Member=Component U5 MCP130T-450I/TT
Added Member To Class: ClassName=Controller Member=Component U7 74HCT4067
Added Member To Class: ClassName=Controller Member=Component Y1 16M
Added Room: Name=Connector
Added Room: Name=Controller
Added Room: Name=R2D
Added Room: Name=SDC
Added Room: Name=Supply
Added Class: Name=CAN_LINES
