Removed Pin From Net: NetName=24_GP Pin=J1-4
Removed Pin From Net: NetName=24_INV0 Pin=J1-5
Removed Pin From Net: NetName=24_R2D Pin=J1-7
Removed Pin From Net: NetName=24_WP Pin=J1-8
Removed Pin From Net: NetName=24_GP Pin=J1-16
Removed Pin From Net: NetName=24_INV1 Pin=J1-17
Removed Pin From Net: NetName=24_BL Pin=J1-21
Removed Pin From Net: NetName=24_GP Pin=J1-28
Change Component Designator: OldDesignator=BL NewDesignator=GP
Change Component Designator: OldDesignator=GP NewDesignator=INV1
Change Component Designator: OldDesignator=HV_D NewDesignator=TSAC
Change Component Designator: OldDesignator=INV0 NewDesignator=R2D
Change Component Designator: OldDesignator=INV1 NewDesignator=INV0
Change Component Designator: OldDesignator=R2D NewDesignator=WP
Change Component Designator: OldDesignator=SDC NewDesignator=HV_D
Change Component Designator: OldDesignator=TSAC NewDesignator=TSAL
Change Component Designator: OldDesignator=TSAL NewDesignator=SDC
Change Component Designator: OldDesignator=WP NewDesignator=BL
Added Pin To Net: NetName=24_BL Pin=J1-4
Added Pin To Net: NetName=24_INV1 Pin=J1-5
Added Pin To Net: NetName=24_INV0 Pin=J1-7
Added Pin To Net: NetName=24_R2D Pin=J1-8
Added Pin To Net: NetName=24_BL Pin=J1-16
Added Pin To Net: NetName=24_GP Pin=J1-17
Added Pin To Net: NetName=24_WP Pin=J1-21
Added Pin To Net: NetName=24_BL Pin=J1-28
Change Net Name : Old Net Name=24_BL New Net Name=24_GP
Change Net Name : Old Net Name=24_GP New Net Name=24_INV1
Change Net Name : Old Net Name=24_INV0 New Net Name=24_R2D
Change Net Name : Old Net Name=24_INV1 New Net Name=24_INV0
Change Net Name : Old Net Name=24_R2D New Net Name=24_WP
Change Net Name : Old Net Name=24_WP New Net Name=24_BL
Change Net Name : Old Net Name=FRO_BL New Net Name=FRO_GP
Change Net Name : Old Net Name=FRO_GP New Net Name=FRO_INV1
Change Net Name : Old Net Name=FRO_INV0 New Net Name=FRO_R2D
Change Net Name : Old Net Name=FRO_INV1 New Net Name=FRO_INV0
Change Net Name : Old Net Name=FRO_R2D New Net Name=FRO_WP
Change Net Name : Old Net Name=FRO_WP New Net Name=FRO_BL
Added Member To Class: ClassName=Supply Member=Component HV_D Keystone 3557-2
Added Member To Class: ClassName=Supply Member=Component TSAC Keystone 3557-2
Added Member To Class: ClassName=Supply Member=Component TSAL Keystone 3557-2
